<?xml version="1.0" encoding="UTF-8"?>
<!-- Generated by org.testng.reporters.JUnitReportReporter -->
<testsuite hostname="DESKTOP-K292506" name="Demo.Flipkart.HomePageTest" tests="1" failures="0" timestamp="14 Jul 2021 09:50:32 GMT" time="13.374" errors="0">
  <testcase name="validate" time="13.374" classname="Demo.Flipkart.HomePageTest"/>
</testsuite> <!-- Demo.Flipkart.HomePageTest -->
